2026-02-13 16:05:21,404 - JetGuard - INFO - Simülasyon başlatıldı.
2026-02-13 16:05:21,443 - JetGuard - INFO - Orchestrator başlatılıyor...
2026-02-13 16:05:23,118 - JetGuard - WARNING - WARNING Anomaly detected at Cycle 52.0! Score: 0.0190
 Result: {'loss': np.float64(0.0190499471201313), 'threshold': np.float64(0.017098863258056207), 'status': 'WARNING', 'priority': 2, 'color': 'orange'}
2026-02-13 16:05:23,343 - JetGuard - WARNING - WARNING Anomaly detected at Cycle 59.0! Score: 0.0181
 Result: {'loss': np.float64(0.018069647025678353), 'threshold': np.float64(0.017098863258056207), 'status': 'WARNING', 'priority': 2, 'color': 'orange'}
2026-02-13 16:05:23,825 - JetGuard - WARNING - WARNING Anomaly detected at Cycle 74.0! Score: 0.0173
 Result: {'loss': np.float64(0.017265143680781102), 'threshold': np.float64(0.017098863258056207), 'status': 'WARNING', 'priority': 2, 'color': 'orange'}
2026-02-13 16:05:24,487 - JetGuard - WARNING - CRITICAL FAILURE Anomaly detected at Cycle 95.0! Score: 0.0225
 Result: {'loss': np.float64(0.022468883825670322), 'threshold': np.float64(0.017098863258056207), 'status': 'CRITICAL FAILURE', 'priority': 4, 'color': 'red'}
2026-02-13 16:05:24,505 - JetGuard - CRITICAL - Kritik Hata! Cycle: 95.0, Loss: 0.0225
2026-02-13 16:05:28,251 - JetGuard - INFO - AI Raporu oluşturuldu.
2026-02-13 16:08:08,189 - JetGuard - INFO - Simülasyon başlatıldı.
2026-02-13 16:08:08,223 - JetGuard - INFO - Orchestrator başlatılıyor...
2026-02-13 16:08:09,829 - JetGuard - WARNING - WARNING Anomaly detected at Cycle 52.0! Score: 0.0190
 Result: {'loss': np.float64(0.0190499471201313), 'threshold': np.float64(0.017098863258056207), 'status': 'WARNING', 'priority': 2, 'color': 'orange'}
2026-02-13 16:08:10,050 - JetGuard - WARNING - WARNING Anomaly detected at Cycle 59.0! Score: 0.0181
 Result: {'loss': np.float64(0.018069647025678353), 'threshold': np.float64(0.017098863258056207), 'status': 'WARNING', 'priority': 2, 'color': 'orange'}
2026-02-13 16:08:10,521 - JetGuard - WARNING - WARNING Anomaly detected at Cycle 74.0! Score: 0.0173
 Result: {'loss': np.float64(0.017265143680781102), 'threshold': np.float64(0.017098863258056207), 'status': 'WARNING', 'priority': 2, 'color': 'orange'}
2026-02-13 16:08:11,173 - JetGuard - WARNING - CRITICAL FAILURE Anomaly detected at Cycle 95.0! Score: 0.0225
 Result: {'loss': np.float64(0.022468883825670322), 'threshold': np.float64(0.017098863258056207), 'status': 'CRITICAL FAILURE', 'priority': 4, 'color': 'red'}
2026-02-13 16:08:11,192 - JetGuard - CRITICAL - Kritik Hata! Cycle: 95.0, Loss: 0.0225
2026-02-13 16:08:16,376 - JetGuard - INFO - AI Raporu oluşturuldu.
2026-02-13 16:17:34,002 - JetGuard - INFO - Simülasyon başlatıldı.
2026-02-13 16:17:34,036 - JetGuard - INFO - Orchestrator başlatılıyor...
2026-02-13 16:17:35,737 - JetGuard - WARNING - WARNING Anomaly detected at Cycle 52.0! Score: 0.0190
 Result: {'loss': np.float64(0.0190499471201313), 'threshold': np.float64(0.017098863258056207), 'status': 'WARNING', 'priority': 2, 'color': 'orange'}
2026-02-13 16:17:35,969 - JetGuard - WARNING - WARNING Anomaly detected at Cycle 59.0! Score: 0.0181
 Result: {'loss': np.float64(0.018069647025678353), 'threshold': np.float64(0.017098863258056207), 'status': 'WARNING', 'priority': 2, 'color': 'orange'}
2026-02-13 16:17:36,451 - JetGuard - WARNING - WARNING Anomaly detected at Cycle 74.0! Score: 0.0173
 Result: {'loss': np.float64(0.017265143680781102), 'threshold': np.float64(0.017098863258056207), 'status': 'WARNING', 'priority': 2, 'color': 'orange'}
2026-02-13 16:17:37,116 - JetGuard - WARNING - CRITICAL FAILURE Anomaly detected at Cycle 95.0! Score: 0.0225
 Result: {'loss': np.float64(0.022468883825670322), 'threshold': np.float64(0.017098863258056207), 'status': 'CRITICAL FAILURE', 'priority': 4, 'color': 'red'}
2026-02-13 16:17:37,137 - JetGuard - CRITICAL - Kritik Hata! Cycle: 95.0, Loss: 0.0225
2026-02-13 16:17:42,717 - JetGuard - INFO - AI Raporu oluşturuldu.
2026-02-13 16:33:45,507 - JetGuard - INFO - Simülasyon başlatıldı.
2026-02-13 16:33:45,543 - JetGuard - INFO - Orchestrator başlatılıyor...
2026-02-13 16:33:48,114 - JetGuard - WARNING - WARNING Anomaly detected at Cycle 52.0! Score: 0.0190
2026-02-13 16:33:48,448 - JetGuard - WARNING - WARNING Anomaly detected at Cycle 59.0! Score: 0.0181
2026-02-13 16:33:49,136 - JetGuard - WARNING - WARNING Anomaly detected at Cycle 74.0! Score: 0.0173
2026-02-13 16:33:50,106 - JetGuard - WARNING - CRITICAL FAILURE Anomaly detected at Cycle 95.0! Score: 0.0225
2026-02-13 16:33:50,128 - JetGuard - CRITICAL - Kritik Hata! Cycle: 95.0, Loss: 0.0225
2026-02-13 16:33:55,864 - JetGuard - INFO - AI Raporu oluşturuldu.
2026-02-13 16:37:38,312 - JetGuard - INFO - Simülasyon başlatıldı.
2026-02-13 16:37:38,345 - JetGuard - INFO - Orchestrator başlatılıyor...
2026-02-13 16:37:40,846 - JetGuard - WARNING - WARNING Anomaly detected at Cycle 52.0! Score: 0.0190
2026-02-13 16:37:41,164 - JetGuard - WARNING - WARNING Anomaly detected at Cycle 59.0! Score: 0.0181
2026-02-13 16:37:41,832 - JetGuard - WARNING - WARNING Anomaly detected at Cycle 74.0! Score: 0.0173
2026-02-13 16:37:42,787 - JetGuard - WARNING - CRITICAL FAILURE Anomaly detected at Cycle 95.0! Score: 0.0225
2026-02-13 16:37:42,806 - JetGuard - CRITICAL - Kritik Hata! Cycle: 95.0, Loss: 0.0225
2026-02-13 16:37:49,480 - JetGuard - INFO - AI Raporu oluşturuldu.
2026-02-13 16:43:12,550 - JetGuard - INFO - Simülasyon başlatıldı.
2026-02-13 16:43:12,583 - JetGuard - INFO - Orchestrator başlatılıyor...
2026-02-13 16:43:15,088 - JetGuard - WARNING - WARNING Anomaly detected at Cycle 52.0! Score: 0.0190
2026-02-13 16:43:15,412 - JetGuard - WARNING - WARNING Anomaly detected at Cycle 59.0! Score: 0.0181
2026-02-13 16:43:16,115 - JetGuard - WARNING - WARNING Anomaly detected at Cycle 74.0! Score: 0.0173
2026-02-13 16:43:17,166 - JetGuard - WARNING - CRITICAL FAILURE Anomaly detected at Cycle 95.0! Score: 0.0225
2026-02-13 16:43:17,187 - JetGuard - CRITICAL - Kritik Hata! Cycle: 95.0, Loss: 0.0225
2026-02-13 16:43:20,674 - JetGuard - INFO - AI Raporu oluşturuldu.
2026-02-13 16:51:24,208 - JetGuard - INFO - Visual Simulation Started.
2026-02-13 16:51:24,250 - JetGuard - INFO - Orchestrator başlatılıyor...
2026-02-13 16:51:28,970 - JetGuard - WARNING - WARNING Anomaly detected at Cycle 52.0! Score: 0.0190
2026-02-13 16:51:29,561 - JetGuard - WARNING - WARNING Anomaly detected at Cycle 59.0! Score: 0.0181
2026-02-13 16:51:30,976 - JetGuard - WARNING - WARNING Anomaly detected at Cycle 74.0! Score: 0.0173
2026-02-13 16:51:32,757 - JetGuard - WARNING - CRITICAL FAILURE Anomaly detected at Cycle 95.0! Score: 0.0225
2026-02-13 16:51:32,808 - JetGuard - CRITICAL - Kritik Hata! Cycle: 95.0
2026-02-13 16:55:18,441 - JetGuard - INFO - Visual Simulation Started.
2026-02-13 16:55:18,485 - JetGuard - INFO - Orchestrator başlatılıyor...
2026-02-13 16:55:24,674 - JetGuard - WARNING - WARNING Anomaly detected at Cycle 52.0! Score: 0.0190
2026-02-13 16:55:25,479 - JetGuard - WARNING - WARNING Anomaly detected at Cycle 59.0! Score: 0.0181
2026-02-13 16:55:27,195 - JetGuard - WARNING - WARNING Anomaly detected at Cycle 74.0! Score: 0.0173
2026-02-13 16:55:29,634 - JetGuard - WARNING - CRITICAL FAILURE Anomaly detected at Cycle 95.0! Score: 0.0225
2026-02-13 16:55:29,682 - JetGuard - CRITICAL - Kritik Hata! Cycle: 95.0
2026-02-13 17:00:57,450 - JetGuard - INFO - Visual Simulation Started.
2026-02-13 17:00:57,494 - JetGuard - INFO - Orchestrator başlatılıyor...
2026-02-13 17:01:03,729 - JetGuard - WARNING - WARNING Anomaly detected at Cycle 52.0! Score: 0.0190
2026-02-13 17:01:04,560 - JetGuard - WARNING - WARNING Anomaly detected at Cycle 59.0! Score: 0.0181
2026-02-13 17:01:06,345 - JetGuard - WARNING - WARNING Anomaly detected at Cycle 74.0! Score: 0.0173
2026-02-13 17:01:08,817 - JetGuard - WARNING - CRITICAL FAILURE Anomaly detected at Cycle 95.0! Score: 0.0225
2026-02-13 17:01:08,866 - JetGuard - CRITICAL - Kritik Hata! Cycle: 95.0
2026-02-13 17:08:15,464 - JetGuard - INFO - Visual Simulation Started.
2026-02-13 17:08:15,505 - JetGuard - INFO - Orchestrator başlatılıyor...
2026-02-13 17:08:21,690 - JetGuard - WARNING - WARNING Anomaly detected at Cycle 52.0! Score: 0.0190
2026-02-13 17:08:22,493 - JetGuard - WARNING - WARNING Anomaly detected at Cycle 59.0! Score: 0.0181
2026-02-13 17:08:24,275 - JetGuard - WARNING - WARNING Anomaly detected at Cycle 74.0! Score: 0.0173
2026-02-13 17:08:27,025 - JetGuard - WARNING - CRITICAL FAILURE Anomaly detected at Cycle 95.0! Score: 0.0225
2026-02-13 17:08:27,075 - JetGuard - CRITICAL - Kritik Hata! Cycle: 95.0
2026-02-13 17:08:38,648 - JetGuard - WARNING - Metric calculation skipped for this frame: Found empty input array (e.g., `y_true` or `y_pred`) while a minimum of 1 sample is required.
2026-02-13 17:11:11,693 - JetGuard - INFO - Visual Simulation Started.
2026-02-13 17:11:11,739 - JetGuard - INFO - Orchestrator başlatılıyor...
2026-02-13 17:11:15,880 - JetGuard - WARNING - WARNING Anomaly detected at Cycle 52.0! Score: 0.0190
2026-02-13 17:11:16,450 - JetGuard - WARNING - WARNING Anomaly detected at Cycle 59.0! Score: 0.0181
2026-02-13 17:11:17,579 - JetGuard - WARNING - WARNING Anomaly detected at Cycle 74.0! Score: 0.0173
2026-02-13 17:11:19,165 - JetGuard - WARNING - CRITICAL FAILURE Anomaly detected at Cycle 95.0! Score: 0.0225
2026-02-13 17:11:19,214 - JetGuard - CRITICAL - Kritik Hata! Cycle: 95.0
2026-02-13 17:11:29,055 - JetGuard - INFO - AUC Score: nan
2026-02-13 17:11:54,882 - JetGuard - INFO - Visual Simulation Started.
2026-02-13 17:11:54,912 - JetGuard - INFO - Orchestrator başlatılıyor...
2026-02-13 17:12:05,080 - JetGuard - INFO - Visual Simulation Started.
2026-02-13 17:12:05,120 - JetGuard - INFO - Orchestrator başlatılıyor...
2026-02-13 17:13:17,305 - JetGuard - INFO - Visual Simulation Started.
2026-02-13 17:13:17,353 - JetGuard - INFO - Orchestrator başlatılıyor...
2026-02-13 17:13:26,203 - JetGuard - WARNING - WARNING Anomaly detected at Cycle 52.0! Score: 0.0190
2026-02-13 17:13:27,355 - JetGuard - WARNING - WARNING Anomaly detected at Cycle 59.0! Score: 0.0181
2026-02-13 17:13:29,845 - JetGuard - WARNING - WARNING Anomaly detected at Cycle 74.0! Score: 0.0173
2026-02-13 17:13:33,312 - JetGuard - WARNING - CRITICAL FAILURE Anomaly detected at Cycle 95.0! Score: 0.0225
2026-02-13 17:13:33,360 - JetGuard - CRITICAL - Kritik Hata! Cycle: 95.0
2026-02-13 17:18:54,927 - JetGuard - INFO - Visual Simulation Started.
2026-02-13 17:18:54,971 - JetGuard - INFO - Orchestrator başlatılıyor...
2026-02-13 17:19:03,695 - JetGuard - WARNING - WARNING Anomaly detected at Cycle 52.0! Score: 0.0190
2026-02-13 17:19:04,993 - JetGuard - WARNING - WARNING Anomaly detected at Cycle 59.0! Score: 0.0181
2026-02-13 17:19:07,470 - JetGuard - WARNING - WARNING Anomaly detected at Cycle 74.0! Score: 0.0173
2026-02-13 17:19:10,958 - JetGuard - WARNING - CRITICAL FAILURE Anomaly detected at Cycle 95.0! Score: 0.0225
2026-02-13 17:19:11,006 - JetGuard - CRITICAL - Kritik Hata! Cycle: 95.0
2026-02-13 17:21:48,576 - JetGuard - INFO - Visual Simulation Started.
2026-02-13 17:21:48,618 - JetGuard - INFO - Orchestrator başlatılıyor...
2026-02-13 17:21:57,142 - JetGuard - WARNING - WARNING Anomaly detected at Cycle 52.0! Score: 0.0190
2026-02-13 17:21:58,305 - JetGuard - WARNING - WARNING Anomaly detected at Cycle 59.0! Score: 0.0181
2026-02-13 17:22:00,734 - JetGuard - WARNING - WARNING Anomaly detected at Cycle 74.0! Score: 0.0173
2026-02-13 17:22:04,404 - JetGuard - WARNING - CRITICAL FAILURE Anomaly detected at Cycle 95.0! Score: 0.0225
2026-02-13 17:22:04,450 - JetGuard - CRITICAL - Kritik Hata! Cycle: 95.0
2026-02-13 17:24:37,554 - JetGuard - INFO - Orchestrator başlatılıyor...
2026-02-13 17:24:45,290 - JetGuard - WARNING - WARNING Anomaly detected at Cycle 52.0! Score: 0.0190
2026-02-13 17:24:46,361 - JetGuard - WARNING - WARNING Anomaly detected at Cycle 59.0! Score: 0.0181
2026-02-13 17:24:48,738 - JetGuard - WARNING - WARNING Anomaly detected at Cycle 74.0! Score: 0.0173
2026-02-13 17:24:51,825 - JetGuard - WARNING - CRITICAL FAILURE Anomaly detected at Cycle 95.0! Score: 0.0225
2026-02-13 17:28:57,395 - JetGuard - INFO - Visual Simulation Started.
2026-02-13 17:28:57,442 - JetGuard - INFO - Orchestrator başlatılıyor...
2026-02-13 17:29:52,056 - JetGuard - WARNING - WARNING Anomaly detected at Cycle 52.0! Score: 0.0190
2026-02-13 17:29:59,529 - JetGuard - WARNING - WARNING Anomaly detected at Cycle 59.0! Score: 0.0181
2026-02-13 17:30:15,486 - JetGuard - WARNING - WARNING Anomaly detected at Cycle 74.0! Score: 0.0173
2026-02-13 17:30:37,948 - JetGuard - WARNING - CRITICAL FAILURE Anomaly detected at Cycle 95.0! Score: 0.0225
2026-02-13 17:30:38,003 - JetGuard - CRITICAL - Kritik Hata! Cycle: 95.0
2026-02-13 17:34:11,882 - JetGuard - INFO - Visual Simulation Started.
2026-02-13 17:34:11,927 - JetGuard - INFO - Orchestrator başlatılıyor...
2026-02-13 17:34:20,609 - JetGuard - WARNING - WARNING Anomaly detected at Cycle 52.0! Score: 0.0190
2026-02-13 17:34:21,770 - JetGuard - WARNING - WARNING Anomaly detected at Cycle 59.0! Score: 0.0181
2026-02-13 17:34:24,233 - JetGuard - WARNING - WARNING Anomaly detected at Cycle 74.0! Score: 0.0173
2026-02-13 17:34:27,950 - JetGuard - WARNING - CRITICAL FAILURE Anomaly detected at Cycle 95.0! Score: 0.0225
2026-02-13 17:34:27,998 - JetGuard - CRITICAL - Kritik Hata! Cycle: 95.0
